[0.020s] Invoking command in '/home/jorge/capture_ws/build/cnn_pkg': CMAKE_PREFIX_PATH=/home/jorge/capture_ws/install/ros2_aruco_interfaces:/home/jorge/capture_ws/install/cnn_pkg:/home/jorge/capture_ws/install/realsense2_description:/home/jorge/capture_ws/install/realsense2_camera:/home/jorge/capture_ws/install/realsense2_camera_msgs:/home/jorge/capture_ws/install/dnn_pkg:/home/jorge/capture_ws/install/alg1_pkg:/home/jorge/capture_ws/install/ros2_aruco:/opt/ros/foxy /usr/bin/cmake --build /home/jorge/capture_ws/build/cnn_pkg -- -j8 -l8
[0.067s] -- Found ament_cmake: 0.9.12 (/opt/ros/foxy/share/ament_cmake/cmake)
[0.093s] -- Using PYTHON_EXECUTABLE: /usr/bin/python3
[0.361s] -- Found rclcpp: 2.4.3 (/opt/ros/foxy/share/rclcpp/cmake)
[0.402s] -- Using all available rosidl_typesupport_c: rosidl_typesupport_fastrtps_c;rosidl_typesupport_introspection_c
[0.405s] -- Found rosidl_adapter: 1.3.1 (/opt/ros/foxy/share/rosidl_adapter/cmake)
[0.543s] -- Using all available rosidl_typesupport_cpp: rosidl_typesupport_fastrtps_cpp;rosidl_typesupport_introspection_cpp
[0.596s] -- Found rmw_implementation_cmake: 1.0.4 (/opt/ros/foxy/share/rmw_implementation_cmake/cmake)
[0.597s] -- Using RMW implementation 'rmw_fastrtps_cpp' as default
[0.760s] -- Found cv_bridge: 3.0.7 (/opt/ros/foxy/share/cv_bridge/cmake)
[0.927s] -- Found ros2_aruco_interfaces: 0.1.0 (/home/jorge/capture_ws/install/ros2_aruco_interfaces/share/ros2_aruco_interfaces/cmake)
[1.107s] -- Configuring done
[1.220s] -- Generating done
[1.222s] -- Build files have been written to: /home/jorge/capture_ws/build/cnn_pkg
[1.257s] [35m[1mScanning dependencies of target get_aruco_exe[0m
[1.258s] [35m[1mScanning dependencies of target get_frames_exe[0m
[1.258s] [35m[1mScanning dependencies of target send_frames_exe[0m
[1.262s] [35m[1mScanning dependencies of target sort_dataset_exe[0m
[1.275s] [35m[1mScanning dependencies of target cnn_exe[0m
[1.285s] [ 10%] [32mBuilding CXX object CMakeFiles/get_aruco_exe.dir/src/get_aruco_code.cpp.o[0m
[1.291s] [ 20%] [32mBuilding CXX object CMakeFiles/get_frames_exe.dir/src/get_frames_code.cpp.o[0m
[1.296s] [ 30%] [32mBuilding CXX object CMakeFiles/send_frames_exe.dir/src/send_frames_code.cpp.o[0m
[1.303s] [ 40%] [32mBuilding CXX object CMakeFiles/sort_dataset_exe.dir/src/sort_dataset_code.cpp.o[0m
[1.341s] [ 50%] [32mBuilding CXX object CMakeFiles/cnn_exe.dir/src/cnn_code.cpp.o[0m
[8.402s] [ 60%] [32m[1mLinking CXX executable cnn_exe[0m
[8.535s] /usr/bin/ld: cannot find -ltensorflow
[8.541s] collect2: error: ld returned 1 exit status
[8.543s] make[2]: *** [CMakeFiles/cnn_exe.dir/build.make:217: cnn_exe] Error 1
[8.544s] make[1]: *** [CMakeFiles/Makefile2:248: CMakeFiles/cnn_exe.dir/all] Error 2
[8.544s] make[1]: *** Waiting for unfinished jobs....
[9.307s] [ 70%] [32m[1mLinking CXX executable get_aruco_exe[0m
[9.803s] [ 70%] Built target get_aruco_exe
[10.139s] [ 80%] [32m[1mLinking CXX executable get_frames_exe[0m
[10.236s] [ 90%] [32m[1mLinking CXX executable send_frames_exe[0m
[10.455s] [100%] [32m[1mLinking CXX executable sort_dataset_exe[0m
[10.950s] [100%] Built target send_frames_exe
[10.972s] [100%] Built target get_frames_exe
[11.312s] [100%] Built target sort_dataset_exe
[11.313s] make: *** [Makefile:141: all] Error 2
[11.316s] Invoked command in '/home/jorge/capture_ws/build/cnn_pkg' returned '2': CMAKE_PREFIX_PATH=/home/jorge/capture_ws/install/ros2_aruco_interfaces:/home/jorge/capture_ws/install/cnn_pkg:/home/jorge/capture_ws/install/realsense2_description:/home/jorge/capture_ws/install/realsense2_camera:/home/jorge/capture_ws/install/realsense2_camera_msgs:/home/jorge/capture_ws/install/dnn_pkg:/home/jorge/capture_ws/install/alg1_pkg:/home/jorge/capture_ws/install/ros2_aruco:/opt/ros/foxy /usr/bin/cmake --build /home/jorge/capture_ws/build/cnn_pkg -- -j8 -l8
