[35m[1mScanning dependencies of target get_aruco_exe[0m
[35m[1mScanning dependencies of target get_frames_exe[0m
[35m[1mScanning dependencies of target send_frames_exe[0m
[35m[1mScanning dependencies of target sort_dataset_exe[0m
[ 20%] Built target get_frames2_exe
[ 30%] [32mBuilding CXX object CMakeFiles/get_frames_exe.dir/src/get_frames_code.cpp.o[0m
[ 40%] [32mBuilding CXX object CMakeFiles/get_aruco_exe.dir/src/get_aruco_code.cpp.o[0m
[ 50%] [32mBuilding CXX object CMakeFiles/send_frames_exe.dir/src/send_frames_code.cpp.o[0m
[ 60%] [32mBuilding CXX object CMakeFiles/sort_dataset_exe.dir/src/sort_dataset_code.cpp.o[0m
[01m[K/home/jorge/capture_ws/src/cnn_pkg/src/get_aruco_code.cpp:[m[K In member function â€˜[01m[Kvoid PrintArucoOutputNode::arucoOutputCallback(ros2_aruco_interfaces::msg::ArucoMarkers_<std::allocator<void> >::SharedPtr)[m[Kâ€™:
[01m[K/home/jorge/capture_ws/src/cnn_pkg/src/get_aruco_code.cpp:79:32:[m[K [01;31m[Kerror: [m[Kexpected â€˜[01m[K;[m[Kâ€™ before â€˜[01m[K}[m[Kâ€™ token
   79 |                 class_yaw = "F"
      |                                [01;31m[K^[m[K
      |                                [32m[K;[m[K
   80 |             [32m[K}[m[K
      |             [32m[K~[m[K                   
make[2]: *** [CMakeFiles/get_aruco_exe.dir/build.make:63: CMakeFiles/get_aruco_exe.dir/src/get_aruco_code.cpp.o] Error 1
make[1]: *** [CMakeFiles/Makefile2:194: CMakeFiles/get_aruco_exe.dir/all] Error 2
make[1]: *** Waiting for unfinished jobs....
[ 70%] [32m[1mLinking CXX executable send_frames_exe[0m
[ 70%] Built target send_frames_exe
[ 80%] [32m[1mLinking CXX executable get_frames_exe[0m
[ 80%] Built target get_frames_exe
[ 90%] [32m[1mLinking CXX executable sort_dataset_exe[0m
[ 90%] Built target sort_dataset_exe
make: *** [Makefile:141: all] Error 2
