[0.016s] Invoking command in '/home/jorge/capture_ws/build/cnn_pkg': CMAKE_PREFIX_PATH=/home/jorge/capture_ws/install/ros2_aruco_interfaces:/home/jorge/capture_ws/install/cnn_pkg:/home/jorge/capture_ws/install/realsense2_description:/home/jorge/capture_ws/install/realsense2_camera:/home/jorge/capture_ws/install/realsense2_camera_msgs:/home/jorge/capture_ws/install/dnn_pkg:/home/jorge/capture_ws/install/alg1_pkg:/home/jorge/capture_ws/install/ros2_aruco:/opt/ros/foxy /usr/bin/cmake --build /home/jorge/capture_ws/build/cnn_pkg -- -j8 -l8
[0.064s] -- Found ament_cmake: 0.9.12 (/opt/ros/foxy/share/ament_cmake/cmake)
[0.089s] -- Using PYTHON_EXECUTABLE: /usr/bin/python3
[0.340s] -- Found rclcpp: 2.4.3 (/opt/ros/foxy/share/rclcpp/cmake)
[0.381s] -- Using all available rosidl_typesupport_c: rosidl_typesupport_fastrtps_c;rosidl_typesupport_introspection_c
[0.385s] -- Found rosidl_adapter: 1.3.1 (/opt/ros/foxy/share/rosidl_adapter/cmake)
[0.520s] -- Using all available rosidl_typesupport_cpp: rosidl_typesupport_fastrtps_cpp;rosidl_typesupport_introspection_cpp
[0.571s] -- Found rmw_implementation_cmake: 1.0.4 (/opt/ros/foxy/share/rmw_implementation_cmake/cmake)
[0.573s] -- Using RMW implementation 'rmw_fastrtps_cpp' as default
[0.714s] -- Found cv_bridge: 3.0.7 (/opt/ros/foxy/share/cv_bridge/cmake)
[0.842s] -- Found ros2_aruco_interfaces: 0.1.0 (/home/jorge/capture_ws/install/ros2_aruco_interfaces/share/ros2_aruco_interfaces/cmake)
[1.005s] -- Configuring done
[1.116s] -- Generating done
[1.118s] -- Build files have been written to: /home/jorge/capture_ws/build/cnn_pkg
[1.153s] [35m[1mScanning dependencies of target get_aruco_exe[0m
[1.153s] [35m[1mScanning dependencies of target sort_dataset_exe[0m
[1.154s] [35m[1mScanning dependencies of target send_frames_exe[0m
[1.160s] [35m[1mScanning dependencies of target get_frames_exe[0m
[1.171s] [35m[1mScanning dependencies of target cnn_exe[0m
[1.180s] [ 10%] [32mBuilding CXX object CMakeFiles/get_aruco_exe.dir/src/get_aruco_code.cpp.o[0m
[1.186s] [ 20%] [32mBuilding CXX object CMakeFiles/sort_dataset_exe.dir/src/sort_dataset_code.cpp.o[0m
[1.188s] [ 30%] [32mBuilding CXX object CMakeFiles/send_frames_exe.dir/src/send_frames_code.cpp.o[0m
[1.198s] [ 40%] [32mBuilding CXX object CMakeFiles/get_frames_exe.dir/src/get_frames_code.cpp.o[0m
[1.232s] [ 50%] [32mBuilding CXX object CMakeFiles/cnn_exe.dir/src/cnn_code.cpp.o[0m
[5.982s] [ 60%] [32m[1mLinking CXX executable cnn_exe[0m
[6.084s] /usr/bin/ld: cannot find -ltensorflow
[6.091s] collect2: error: ld returned 1 exit status
[6.093s] make[2]: *** [CMakeFiles/cnn_exe.dir/build.make:217: cnn_exe] Error 1
[6.093s] make[1]: *** [CMakeFiles/Makefile2:248: CMakeFiles/cnn_exe.dir/all] Error 2
[6.094s] make[1]: *** Waiting for unfinished jobs....
[7.564s] [ 70%] [32m[1mLinking CXX executable send_frames_exe[0m
[8.247s] [ 70%] Built target send_frames_exe
[10.076s] [ 80%] [32m[1mLinking CXX executable sort_dataset_exe[0m
[10.714s] [ 90%] [32m[1mLinking CXX executable get_aruco_exe[0m
[10.818s] [ 90%] Built target sort_dataset_exe
[11.162s] [ 90%] Built target get_aruco_exe
[11.363s] [100%] [32m[1mLinking CXX executable get_frames_exe[0m
[12.074s] [100%] Built target get_frames_exe
[12.076s] make: *** [Makefile:141: all] Error 2
[12.079s] Invoked command in '/home/jorge/capture_ws/build/cnn_pkg' returned '2': CMAKE_PREFIX_PATH=/home/jorge/capture_ws/install/ros2_aruco_interfaces:/home/jorge/capture_ws/install/cnn_pkg:/home/jorge/capture_ws/install/realsense2_description:/home/jorge/capture_ws/install/realsense2_camera:/home/jorge/capture_ws/install/realsense2_camera_msgs:/home/jorge/capture_ws/install/dnn_pkg:/home/jorge/capture_ws/install/alg1_pkg:/home/jorge/capture_ws/install/ros2_aruco:/opt/ros/foxy /usr/bin/cmake --build /home/jorge/capture_ws/build/cnn_pkg -- -j8 -l8
