-- Found ament_cmake: 0.9.12 (/opt/ros/foxy/share/ament_cmake/cmake)
-- Using PYTHON_EXECUTABLE: /usr/bin/python3
-- Found rclcpp: 2.4.3 (/opt/ros/foxy/share/rclcpp/cmake)
-- Using all available rosidl_typesupport_c: rosidl_typesupport_fastrtps_c;rosidl_typesupport_introspection_c
-- Found rosidl_adapter: 1.3.1 (/opt/ros/foxy/share/rosidl_adapter/cmake)
-- Using all available rosidl_typesupport_cpp: rosidl_typesupport_fastrtps_cpp;rosidl_typesupport_introspection_cpp
-- Found rmw_implementation_cmake: 1.0.4 (/opt/ros/foxy/share/rmw_implementation_cmake/cmake)
-- Using RMW implementation 'rmw_fastrtps_cpp' as default
-- Found cv_bridge: 3.0.7 (/opt/ros/foxy/share/cv_bridge/cmake)
-- Found ros2_aruco_interfaces: 0.1.0 (/home/jorge/capture_ws/install/ros2_aruco_interfaces/share/ros2_aruco_interfaces/cmake)
-- Configuring done
-- Generating done
-- Build files have been written to: /home/jorge/capture_ws/build/cnn_pkg
[35m[1mScanning dependencies of target cnn_exe[0m
[ 20%] Built target get_aruco_exe
[ 40%] Built target send_frames_exe
[ 60%] Built target get_frames_exe
[ 80%] Built target sort_dataset_exe
[ 90%] [32mBuilding CXX object CMakeFiles/cnn_exe.dir/src/cnn_code.cpp.o[0m
[100%] [32m[1mLinking CXX executable cnn_exe[0m
/usr/bin/ld: CMakeFiles/cnn_exe.dir/src/cnn_code.cpp.o: in function `tsl::core::RefCounted::~RefCounted()':
cnn_code.cpp:(.text._ZN3tsl4core10RefCountedD2Ev[_ZN3tsl4core10RefCountedD5Ev]+0xf5): undefined reference to `tsl::internal::LogMessageFatal::LogMessageFatal(char const*, int)'
/usr/bin/ld: cnn_code.cpp:(.text._ZN3tsl4core10RefCountedD2Ev[_ZN3tsl4core10RefCountedD5Ev]+0x11d): undefined reference to `tsl::internal::LogMessageFatal::~LogMessageFatal()'
/usr/bin/ld: CMakeFiles/cnn_exe.dir/src/cnn_code.cpp.o: in function `std::__cxx11::basic_string<char, std::char_traits<char>, std::allocator<char> >* tsl::internal::MakeCheckOpString<long, int>(long const&, int const&, char const*)':
cnn_code.cpp:(.text._ZN3tsl8internal17MakeCheckOpStringIliEEPNSt7__cxx1112basic_stringIcSt11char_traitsIcESaIcEEERKT_RKT0_PKc[_ZN3tsl8internal17MakeCheckOpStringIliEEPNSt7__cxx1112basic_stringIcSt11char_traitsIcESaIcEEERKT_RKT0_PKc]+0x37): undefined reference to `tsl::internal::CheckOpMessageBuilder::CheckOpMessageBuilder(char const*)'
/usr/bin/ld: cnn_code.cpp:(.text._ZN3tsl8internal17MakeCheckOpStringIliEEPNSt7__cxx1112basic_stringIcSt11char_traitsIcESaIcEEERKT_RKT0_PKc[_ZN3tsl8internal17MakeCheckOpStringIliEEPNSt7__cxx1112basic_stringIcSt11char_traitsIcESaIcEEERKT_RKT0_PKc]+0x61): undefined reference to `tsl::internal::CheckOpMessageBuilder::ForVar2()'
/usr/bin/ld: cnn_code.cpp:(.text._ZN3tsl8internal17MakeCheckOpStringIliEEPNSt7__cxx1112basic_stringIcSt11char_traitsIcESaIcEEERKT_RKT0_PKc[_ZN3tsl8internal17MakeCheckOpStringIliEEPNSt7__cxx1112basic_stringIcSt11char_traitsIcESaIcEEERKT_RKT0_PKc]+0x7f): undefined reference to `tsl::internal::CheckOpMessageBuilder::NewString[abi:cxx11]()'
/usr/bin/ld: cnn_code.cpp:(.text._ZN3tsl8internal17MakeCheckOpStringIliEEPNSt7__cxx1112basic_stringIcSt11char_traitsIcESaIcEEERKT_RKT0_PKc[_ZN3tsl8internal17MakeCheckOpStringIliEEPNSt7__cxx1112basic_stringIcSt11char_traitsIcESaIcEEERKT_RKT0_PKc]+0x8f): undefined reference to `tsl::internal::CheckOpMessageBuilder::~CheckOpMessageBuilder()'
/usr/bin/ld: cnn_code.cpp:(.text._ZN3tsl8internal17MakeCheckOpStringIliEEPNSt7__cxx1112basic_stringIcSt11char_traitsIcESaIcEEERKT_RKT0_PKc[_ZN3tsl8internal17MakeCheckOpStringIliEEPNSt7__cxx1112basic_stringIcSt11char_traitsIcESaIcEEERKT_RKT0_PKc]+0xb6): undefined reference to `tsl::internal::CheckOpMessageBuilder::~CheckOpMessageBuilder()'
collect2: error: ld returned 1 exit status
make[2]: *** [CMakeFiles/cnn_exe.dir/build.make:217: cnn_exe] Error 1
make[1]: *** [CMakeFiles/Makefile2:248: CMakeFiles/cnn_exe.dir/all] Error 2
make: *** [Makefile:141: all] Error 2
