[0.022s] Invoking command in '/home/jorge/capture_ws/build/cnn_pkg': CMAKE_PREFIX_PATH=/home/jorge/capture_ws/install/ros2_aruco_interfaces:/home/jorge/capture_ws/install/cnn_pkg:/home/jorge/capture_ws/install/realsense2_description:/home/jorge/capture_ws/install/realsense2_camera:/home/jorge/capture_ws/install/realsense2_camera_msgs:/home/jorge/capture_ws/install/dnn_pkg:/home/jorge/capture_ws/install/alg1_pkg:/home/jorge/capture_ws/install/ros2_aruco:/opt/ros/foxy /usr/bin/cmake --build /home/jorge/capture_ws/build/cnn_pkg -- -j8 -l8
[0.068s] -- Found ament_cmake: 0.9.12 (/opt/ros/foxy/share/ament_cmake/cmake)
[0.098s] -- Using PYTHON_EXECUTABLE: /usr/bin/python3
[0.421s] -- Found rclcpp: 2.4.3 (/opt/ros/foxy/share/rclcpp/cmake)
[0.467s] -- Using all available rosidl_typesupport_c: rosidl_typesupport_fastrtps_c;rosidl_typesupport_introspection_c
[0.471s] -- Found rosidl_adapter: 1.3.1 (/opt/ros/foxy/share/rosidl_adapter/cmake)
[0.621s] -- Using all available rosidl_typesupport_cpp: rosidl_typesupport_fastrtps_cpp;rosidl_typesupport_introspection_cpp
[0.677s] -- Found rmw_implementation_cmake: 1.0.4 (/opt/ros/foxy/share/rmw_implementation_cmake/cmake)
[0.679s] -- Using RMW implementation 'rmw_fastrtps_cpp' as default
[0.871s] -- Found cv_bridge: 3.0.7 (/opt/ros/foxy/share/cv_bridge/cmake)
[1.022s] -- Found ros2_aruco_interfaces: 0.1.0 (/home/jorge/capture_ws/install/ros2_aruco_interfaces/share/ros2_aruco_interfaces/cmake)
[1.193s] -- Configuring done
[1.328s] -- Generating done
[1.332s] -- Build files have been written to: /home/jorge/capture_ws/build/cnn_pkg
[1.383s] [35m[1mScanning dependencies of target cnn_exe[0m
[1.395s] [ 20%] Built target get_aruco_exe
[1.396s] [ 40%] Built target send_frames_exe
[1.402s] [ 60%] Built target get_frames_exe
[1.410s] [ 80%] Built target sort_dataset_exe
[1.557s] [ 90%] [32mBuilding CXX object CMakeFiles/cnn_exe.dir/src/cnn_code.cpp.o[0m
[9.860s] [100%] [32m[1mLinking CXX executable cnn_exe[0m
[10.236s] /usr/bin/ld: CMakeFiles/cnn_exe.dir/src/cnn_code.cpp.o: in function `tsl::core::RefCounted::~RefCounted()':
[10.236s] cnn_code.cpp:(.text._ZN3tsl4core10RefCountedD2Ev[_ZN3tsl4core10RefCountedD5Ev]+0xf5): undefined reference to `tsl::internal::LogMessageFatal::LogMessageFatal(char const*, int)'
[10.237s] /usr/bin/ld: cnn_code.cpp:(.text._ZN3tsl4core10RefCountedD2Ev[_ZN3tsl4core10RefCountedD5Ev]+0x11d): undefined reference to `tsl::internal::LogMessageFatal::~LogMessageFatal()'
[10.237s] /usr/bin/ld: CMakeFiles/cnn_exe.dir/src/cnn_code.cpp.o: in function `std::__cxx11::basic_string<char, std::char_traits<char>, std::allocator<char> >* tsl::internal::MakeCheckOpString<long, int>(long const&, int const&, char const*)':
[10.237s] cnn_code.cpp:(.text._ZN3tsl8internal17MakeCheckOpStringIliEEPNSt7__cxx1112basic_stringIcSt11char_traitsIcESaIcEEERKT_RKT0_PKc[_ZN3tsl8internal17MakeCheckOpStringIliEEPNSt7__cxx1112basic_stringIcSt11char_traitsIcESaIcEEERKT_RKT0_PKc]+0x37): undefined reference to `tsl::internal::CheckOpMessageBuilder::CheckOpMessageBuilder(char const*)'
[10.237s] /usr/bin/ld: cnn_code.cpp:(.text._ZN3tsl8internal17MakeCheckOpStringIliEEPNSt7__cxx1112basic_stringIcSt11char_traitsIcESaIcEEERKT_RKT0_PKc[_ZN3tsl8internal17MakeCheckOpStringIliEEPNSt7__cxx1112basic_stringIcSt11char_traitsIcESaIcEEERKT_RKT0_PKc]+0x61): undefined reference to `tsl::internal::CheckOpMessageBuilder::ForVar2()'
[10.237s] /usr/bin/ld: cnn_code.cpp:(.text._ZN3tsl8internal17MakeCheckOpStringIliEEPNSt7__cxx1112basic_stringIcSt11char_traitsIcESaIcEEERKT_RKT0_PKc[_ZN3tsl8internal17MakeCheckOpStringIliEEPNSt7__cxx1112basic_stringIcSt11char_traitsIcESaIcEEERKT_RKT0_PKc]+0x7f): undefined reference to `tsl::internal::CheckOpMessageBuilder::NewString[abi:cxx11]()'
[10.237s] /usr/bin/ld: cnn_code.cpp:(.text._ZN3tsl8internal17MakeCheckOpStringIliEEPNSt7__cxx1112basic_stringIcSt11char_traitsIcESaIcEEERKT_RKT0_PKc[_ZN3tsl8internal17MakeCheckOpStringIliEEPNSt7__cxx1112basic_stringIcSt11char_traitsIcESaIcEEERKT_RKT0_PKc]+0x8f): undefined reference to `tsl::internal::CheckOpMessageBuilder::~CheckOpMessageBuilder()'
[10.238s] /usr/bin/ld: cnn_code.cpp:(.text._ZN3tsl8internal17MakeCheckOpStringIliEEPNSt7__cxx1112basic_stringIcSt11char_traitsIcESaIcEEERKT_RKT0_PKc[_ZN3tsl8internal17MakeCheckOpStringIliEEPNSt7__cxx1112basic_stringIcSt11char_traitsIcESaIcEEERKT_RKT0_PKc]+0xb6): undefined reference to `tsl::internal::CheckOpMessageBuilder::~CheckOpMessageBuilder()'
[10.243s] collect2: error: ld returned 1 exit status
[10.245s] make[2]: *** [CMakeFiles/cnn_exe.dir/build.make:217: cnn_exe] Error 1
[10.245s] make[1]: *** [CMakeFiles/Makefile2:248: CMakeFiles/cnn_exe.dir/all] Error 2
[10.246s] make: *** [Makefile:141: all] Error 2
[10.248s] Invoked command in '/home/jorge/capture_ws/build/cnn_pkg' returned '2': CMAKE_PREFIX_PATH=/home/jorge/capture_ws/install/ros2_aruco_interfaces:/home/jorge/capture_ws/install/cnn_pkg:/home/jorge/capture_ws/install/realsense2_description:/home/jorge/capture_ws/install/realsense2_camera:/home/jorge/capture_ws/install/realsense2_camera_msgs:/home/jorge/capture_ws/install/dnn_pkg:/home/jorge/capture_ws/install/alg1_pkg:/home/jorge/capture_ws/install/ros2_aruco:/opt/ros/foxy /usr/bin/cmake --build /home/jorge/capture_ws/build/cnn_pkg -- -j8 -l8
