[35m[1mScanning dependencies of target get_aruco_exe[0m
[35m[1mScanning dependencies of target sort_dataset_exe[0m
[ 20%] Built target send_frames_exe
[ 60%] Built target get_frames2_exe
[ 60%] Built target get_frames_exe
[ 70%] [32mBuilding CXX object CMakeFiles/get_aruco_exe.dir/src/get_aruco_code.cpp.o[0m
[ 80%] [32mBuilding CXX object CMakeFiles/sort_dataset_exe.dir/src/sort_dataset_code.cpp.o[0m
[01m[K/home/jorge/capture_ws/src/cnn_pkg/src/sort_dataset_code.cpp:[m[K In function â€˜[01m[Kstd::string getFolder(std::string&)[m[Kâ€™:
[01m[K/home/jorge/capture_ws/src/cnn_pkg/src/sort_dataset_code.cpp:35:8:[m[K [01;31m[Kerror: [m[Kexpected â€˜[01m[K([m[Kâ€™ before â€˜[01m[Kclass_label[m[Kâ€™
   35 |     if [01;31m[Kc[m[K[32m[Klass_label[m[K = "N" {
      |        [01;31m[K^[m[K[32m[K~~~~~~~~~~[m[K
      |        [32m[K([m[K
make[2]: *** [CMakeFiles/sort_dataset_exe.dir/build.make:63: CMakeFiles/sort_dataset_exe.dir/src/sort_dataset_code.cpp.o] Error 1
make[1]: *** [CMakeFiles/Makefile2:221: CMakeFiles/sort_dataset_exe.dir/all] Error 2
make[1]: *** Waiting for unfinished jobs....
[ 90%] [32m[1mLinking CXX executable get_aruco_exe[0m
[ 90%] Built target get_aruco_exe
make: *** [Makefile:141: all] Error 2
