[0.020s] Invoking command in '/home/jorge/capture_ws/build/cnn_pkg': CMAKE_PREFIX_PATH=/home/jorge/capture_ws/install/ros2_aruco_interfaces:/home/jorge/capture_ws/install/cnn_pkg:/home/jorge/capture_ws/install/realsense2_description:/home/jorge/capture_ws/install/realsense2_camera:/home/jorge/capture_ws/install/realsense2_camera_msgs:/home/jorge/capture_ws/install/dnn_pkg:/home/jorge/capture_ws/install/alg1_pkg:/home/jorge/capture_ws/install/ros2_aruco:/opt/ros/foxy /usr/bin/cmake --build /home/jorge/capture_ws/build/cnn_pkg -- -j8 -l8
[0.079s] [35m[1mScanning dependencies of target get_aruco_exe[0m
[0.086s] [35m[1mScanning dependencies of target sort_dataset_exe[0m
[0.107s] [ 20%] Built target send_frames_exe
[0.121s] [ 60%] Built target get_frames2_exe
[0.121s] [ 60%] Built target get_frames_exe
[0.136s] [ 70%] [32mBuilding CXX object CMakeFiles/get_aruco_exe.dir/src/get_aruco_code.cpp.o[0m
[0.143s] [ 80%] [32mBuilding CXX object CMakeFiles/sort_dataset_exe.dir/src/sort_dataset_code.cpp.o[0m
[3.314s] [01m[K/home/jorge/capture_ws/src/cnn_pkg/src/sort_dataset_code.cpp:[m[K In function â€˜[01m[Kstd::string getFolder(std::string&)[m[Kâ€™:
[3.314s] [01m[K/home/jorge/capture_ws/src/cnn_pkg/src/sort_dataset_code.cpp:35:8:[m[K [01;31m[Kerror: [m[Kexpected â€˜[01m[K([m[Kâ€™ before â€˜[01m[Kclass_label[m[Kâ€™
[3.314s]    35 |     if [01;31m[Kc[m[K[32m[Klass_label[m[K = "N" {
[3.314s]       |        [01;31m[K^[m[K[32m[K~~~~~~~~~~[m[K
[3.314s]       |        [32m[K([m[K
[5.887s] make[2]: *** [CMakeFiles/sort_dataset_exe.dir/build.make:63: CMakeFiles/sort_dataset_exe.dir/src/sort_dataset_code.cpp.o] Error 1
[5.887s] make[1]: *** [CMakeFiles/Makefile2:221: CMakeFiles/sort_dataset_exe.dir/all] Error 2
[5.887s] make[1]: *** Waiting for unfinished jobs....
[7.690s] [ 90%] [32m[1mLinking CXX executable get_aruco_exe[0m
[8.176s] [ 90%] Built target get_aruco_exe
[8.177s] make: *** [Makefile:141: all] Error 2
[8.180s] Invoked command in '/home/jorge/capture_ws/build/cnn_pkg' returned '2': CMAKE_PREFIX_PATH=/home/jorge/capture_ws/install/ros2_aruco_interfaces:/home/jorge/capture_ws/install/cnn_pkg:/home/jorge/capture_ws/install/realsense2_description:/home/jorge/capture_ws/install/realsense2_camera:/home/jorge/capture_ws/install/realsense2_camera_msgs:/home/jorge/capture_ws/install/dnn_pkg:/home/jorge/capture_ws/install/alg1_pkg:/home/jorge/capture_ws/install/ros2_aruco:/opt/ros/foxy /usr/bin/cmake --build /home/jorge/capture_ws/build/cnn_pkg -- -j8 -l8
